This file contains any messages produced by compilers while
running configure, to aid debugging if configure makes a mistake.

It was created by lxc configure 1.0.6, which was
generated by GNU Autoconf 2.68.  Invocation command line was

  $ ./configure 

## --------- ##
## Platform. ##
## --------- ##

hostname = bug01.cs.columbia.edu
uname -m = x86_64
uname -r = 3.2.0-36-generic
uname -s = Linux
uname -v = #57-Ubuntu SMP Tue Jan 8 21:44:52 UTC 2013

/usr/bin/uname -p = unknown
/bin/uname -X     = unknown

/bin/arch              = unknown
/usr/bin/arch -k       = unknown
/usr/convex/getsysinfo = unknown
/usr/bin/hostinfo      = unknown
/bin/machine           = unknown
/usr/bin/oslevel       = unknown
/bin/universe          = unknown

PATH: /home/lingyuan/bin
PATH: /usr/local/sbin
PATH: /usr/local/bin
PATH: /usr/sbin
PATH: /usr/bin
PATH: /sbin
PATH: /bin
PATH: /usr/games


## ----------- ##
## Core tests. ##
## ----------- ##

configure:2503: checking for pkg-config
configure:2521: found /usr/bin/pkg-config
configure:2533: result: /usr/bin/pkg-config
configure:2558: checking pkg-config is at least version 0.9.0
configure:2561: result: yes
configure:2631: checking for a BSD-compatible install
configure:2699: result: /usr/bin/install -c
configure:2710: checking whether build environment is sane
configure:2760: result: yes
configure:2901: checking for a thread-safe mkdir -p
configure:2940: result: /bin/mkdir -p
configure:2953: checking for gawk
configure:2969: found /usr/bin/gawk
configure:2980: result: gawk
configure:2991: checking whether make sets $(MAKE)
configure:3013: result: yes
configure:3097: checking build system type
configure:3111: result: x86_64-unknown-linux-gnu
configure:3131: checking host system type
configure:3144: result: x86_64-unknown-linux-gnu
configure:3176: checking for style of include used by make
configure:3204: result: GNU
configure:3275: checking for gcc
configure:3291: found /home/lingyuan/bin/gcc
configure:3302: result: gcc
configure:3531: checking for C compiler version
configure:3540: gcc --version >&5
gcc (Ubuntu/Linaro 4.7.3-2ubuntu1~12.04) 4.7.3
Copyright (C) 2012 Free Software Foundation, Inc.
This is free software; see the source for copying conditions.  There is NO
warranty; not even for MERCHANTABILITY or FITNESS FOR A PARTICULAR PURPOSE.

configure:3551: $? = 0
configure:3540: gcc -v >&5
Using built-in specs.
COLLECT_GCC=gcc
COLLECT_LTO_WRAPPER=/usr/lib/gcc/x86_64-linux-gnu/4.7/lto-wrapper
Target: x86_64-linux-gnu
Configured with: ../src/configure -v --with-pkgversion='Ubuntu/Linaro 4.7.3-2ubuntu1~12.04' --with-bugurl=file:///usr/share/doc/gcc-4.7/README.Bugs --enable-languages=c,c++,go,fortran,objc,obj-c++ --prefix=/usr --program-suffix=-4.7 --enable-shared --enable-linker-build-id --libexecdir=/usr/lib --without-included-gettext --enable-threads=posix --with-gxx-include-dir=/usr/include/c++/4.7 --libdir=/usr/lib --enable-nls --with-sysroot=/ --enable-clocale=gnu --enable-libstdcxx-debug --enable-libstdcxx-time=yes --enable-gnu-unique-object --enable-plugin --with-system-zlib --enable-objc-gc --enable-multiarch --disable-werror --with-arch-32=i686 --with-abi=m64 --with-multilib-list=m32,m64 --with-tune=generic --enable-checking=release --build=x86_64-linux-gnu --host=x86_64-linux-gnu --target=x86_64-linux-gnu
Thread model: posix
gcc version 4.7.3 (Ubuntu/Linaro 4.7.3-2ubuntu1~12.04) 
configure:3551: $? = 0
configure:3540: gcc -V >&5
gcc: error: unrecognized command line option '-V'
gcc: fatal error: no input files
compilation terminated.
configure:3551: $? = 4
configure:3540: gcc -qversion >&5
gcc: error: unrecognized command line option '-qversion'
gcc: fatal error: no input files
compilation terminated.
configure:3551: $? = 4
configure:3571: checking whether the C compiler works
configure:3593: gcc    conftest.c  >&5
configure:3597: $? = 0
configure:3645: result: yes
configure:3648: checking for C compiler default output file name
configure:3650: result: a.out
configure:3656: checking for suffix of executables
configure:3663: gcc -o conftest    conftest.c  >&5
configure:3667: $? = 0
configure:3689: result: 
configure:3711: checking whether we are cross compiling
configure:3719: gcc -o conftest    conftest.c  >&5
configure:3723: $? = 0
configure:3730: ./conftest
configure:3734: $? = 0
configure:3749: result: no
configure:3754: checking for suffix of object files
configure:3776: gcc -c   conftest.c >&5
configure:3780: $? = 0
configure:3801: result: o
configure:3805: checking whether we are using the GNU C compiler
configure:3824: gcc -c   conftest.c >&5
configure:3824: $? = 0
configure:3833: result: yes
configure:3842: checking whether gcc accepts -g
configure:3862: gcc -c -g  conftest.c >&5
configure:3862: $? = 0
configure:3903: result: yes
configure:3920: checking for gcc option to accept ISO C89
configure:3984: gcc  -c -g -O2  conftest.c >&5
configure:3984: $? = 0
configure:3997: result: none needed
configure:4019: checking dependency style of gcc
configure:4130: result: gcc3
configure:4146: checking whether gcc and cc understand -c and -o together
configure:4177: gcc -c conftest.c -o conftest2.o >&5
configure:4181: $? = 0
configure:4187: gcc -c conftest.c -o conftest2.o >&5
configure:4191: $? = 0
configure:4202: cc -c conftest.c >&5
configure:4206: $? = 0
configure:4214: cc -c conftest.c -o conftest2.o >&5
configure:4218: $? = 0
configure:4224: cc -c conftest.c -o conftest2.o >&5
configure:4228: $? = 0
configure:4246: result: yes
configure:4277: checking how to run the C preprocessor
configure:4308: gcc -E  conftest.c
configure:4308: $? = 0
configure:4322: gcc -E  conftest.c
conftest.c:11:28: fatal error: ac_nonexistent.h: No such file or directory
compilation terminated.
configure:4322: $? = 1
configure: failed program was:
| /* confdefs.h */
| #define PACKAGE_NAME "lxc"
| #define PACKAGE_TARNAME "lxc"
| #define PACKAGE_VERSION "1.0.6"
| #define PACKAGE_STRING "lxc 1.0.6"
| #define PACKAGE_BUGREPORT ""
| #define PACKAGE_URL ""
| #define PACKAGE "lxc"
| #define VERSION "1.0.6"
| /* end confdefs.h.  */
| #include <ac_nonexistent.h>
configure:4347: result: gcc -E
configure:4367: gcc -E  conftest.c
configure:4367: $? = 0
configure:4381: gcc -E  conftest.c
conftest.c:11:28: fatal error: ac_nonexistent.h: No such file or directory
compilation terminated.
configure:4381: $? = 1
configure: failed program was:
| /* confdefs.h */
| #define PACKAGE_NAME "lxc"
| #define PACKAGE_TARNAME "lxc"
| #define PACKAGE_VERSION "1.0.6"
| #define PACKAGE_STRING "lxc 1.0.6"
| #define PACKAGE_BUGREPORT ""
| #define PACKAGE_URL ""
| #define PACKAGE "lxc"
| #define VERSION "1.0.6"
| /* end confdefs.h.  */
| #include <ac_nonexistent.h>
configure:4410: checking for grep that handles long lines and -e
configure:4468: result: /bin/grep
configure:4473: checking for egrep
configure:4535: result: /bin/grep -E
configure:4540: checking for ANSI C header files
configure:4560: gcc -c -g -O2  conftest.c >&5
configure:4560: $? = 0
configure:4633: gcc -o conftest -g -O2   conftest.c  >&5
configure:4633: $? = 0
configure:4633: ./conftest
configure:4633: $? = 0
configure:4644: result: yes
configure:4657: checking for sys/types.h
configure:4657: gcc -c -g -O2  conftest.c >&5
configure:4657: $? = 0
configure:4657: result: yes
configure:4657: checking for sys/stat.h
configure:4657: gcc -c -g -O2  conftest.c >&5
configure:4657: $? = 0
configure:4657: result: yes
configure:4657: checking for stdlib.h
configure:4657: gcc -c -g -O2  conftest.c >&5
configure:4657: $? = 0
configure:4657: result: yes
configure:4657: checking for string.h
configure:4657: gcc -c -g -O2  conftest.c >&5
configure:4657: $? = 0
configure:4657: result: yes
configure:4657: checking for memory.h
configure:4657: gcc -c -g -O2  conftest.c >&5
configure:4657: $? = 0
configure:4657: result: yes
configure:4657: checking for strings.h
configure:4657: gcc -c -g -O2  conftest.c >&5
configure:4657: $? = 0
configure:4657: result: yes
configure:4657: checking for inttypes.h
configure:4657: gcc -c -g -O2  conftest.c >&5
configure:4657: $? = 0
configure:4657: result: yes
configure:4657: checking for stdint.h
configure:4657: gcc -c -g -O2  conftest.c >&5
configure:4657: $? = 0
configure:4657: result: yes
configure:4657: checking for unistd.h
configure:4657: gcc -c -g -O2  conftest.c >&5
configure:4657: $? = 0
configure:4657: result: yes
configure:4670: checking minix/config.h usability
configure:4670: gcc -c -g -O2  conftest.c >&5
conftest.c:54:26: fatal error: minix/config.h: No such file or directory
compilation terminated.
configure:4670: $? = 1
configure: failed program was:
| /* confdefs.h */
| #define PACKAGE_NAME "lxc"
| #define PACKAGE_TARNAME "lxc"
| #define PACKAGE_VERSION "1.0.6"
| #define PACKAGE_STRING "lxc 1.0.6"
| #define PACKAGE_BUGREPORT ""
| #define PACKAGE_URL ""
| #define PACKAGE "lxc"
| #define VERSION "1.0.6"
| #define STDC_HEADERS 1
| #define HAVE_SYS_TYPES_H 1
| #define HAVE_SYS_STAT_H 1
| #define HAVE_STDLIB_H 1
| #define HAVE_STRING_H 1
| #define HAVE_MEMORY_H 1
| #define HAVE_STRINGS_H 1
| #define HAVE_INTTYPES_H 1
| #define HAVE_STDINT_H 1
| #define HAVE_UNISTD_H 1
| /* end confdefs.h.  */
| #include <stdio.h>
| #ifdef HAVE_SYS_TYPES_H
| # include <sys/types.h>
| #endif
| #ifdef HAVE_SYS_STAT_H
| # include <sys/stat.h>
| #endif
| #ifdef STDC_HEADERS
| # include <stdlib.h>
| # include <stddef.h>
| #else
| # ifdef HAVE_STDLIB_H
| #  include <stdlib.h>
| # endif
| #endif
| #ifdef HAVE_STRING_H
| # if !defined STDC_HEADERS && defined HAVE_MEMORY_H
| #  include <memory.h>
| # endif
| # include <string.h>
| #endif
| #ifdef HAVE_STRINGS_H
| # include <strings.h>
| #endif
| #ifdef HAVE_INTTYPES_H
| # include <inttypes.h>
| #endif
| #ifdef HAVE_STDINT_H
| # include <stdint.h>
| #endif
| #ifdef HAVE_UNISTD_H
| # include <unistd.h>
| #endif
| #include <minix/config.h>
configure:4670: result: no
configure:4670: checking minix/config.h presence
configure:4670: gcc -E  conftest.c
conftest.c:21:26: fatal error: minix/config.h: No such file or directory
compilation terminated.
configure:4670: $? = 1
configure: failed program was:
| /* confdefs.h */
| #define PACKAGE_NAME "lxc"
| #define PACKAGE_TARNAME "lxc"
| #define PACKAGE_VERSION "1.0.6"
| #define PACKAGE_STRING "lxc 1.0.6"
| #define PACKAGE_BUGREPORT ""
| #define PACKAGE_URL ""
| #define PACKAGE "lxc"
| #define VERSION "1.0.6"
| #define STDC_HEADERS 1
| #define HAVE_SYS_TYPES_H 1
| #define HAVE_SYS_STAT_H 1
| #define HAVE_STDLIB_H 1
| #define HAVE_STRING_H 1
| #define HAVE_MEMORY_H 1
| #define HAVE_STRINGS_H 1
| #define HAVE_INTTYPES_H 1
| #define HAVE_STDINT_H 1
| #define HAVE_UNISTD_H 1
| /* end confdefs.h.  */
| #include <minix/config.h>
configure:4670: result: no
configure:4670: checking for minix/config.h
configure:4670: result: no
configure:4691: checking whether it is safe to define __EXTENSIONS__
configure:4709: gcc -c -g -O2  conftest.c >&5
configure:4709: $? = 0
configure:4716: result: yes
configure:4734: checking host distribution
configure:5010: result: ubuntu
configure:5033: checking for init system type
configure:5105: result: upstart
configure:5138: checking for docbook2x-man
configure:5152: result: no
configure:5200: checking for doxygen
configure:5216: found /usr/bin/doxygen
configure:5227: result: doxygen
configure:5269: checking for aa_change_profile in -lapparmor
configure:5294: gcc -o conftest -g -O2   conftest.c -lapparmor   >&5
/usr/bin/ld: cannot find -lapparmor
collect2: error: ld returned 1 exit status
configure:5294: $? = 1
configure: failed program was:
| /* confdefs.h */
| #define PACKAGE_NAME "lxc"
| #define PACKAGE_TARNAME "lxc"
| #define PACKAGE_VERSION "1.0.6"
| #define PACKAGE_STRING "lxc 1.0.6"
| #define PACKAGE_BUGREPORT ""
| #define PACKAGE_URL ""
| #define PACKAGE "lxc"
| #define VERSION "1.0.6"
| #define STDC_HEADERS 1
| #define HAVE_SYS_TYPES_H 1
| #define HAVE_SYS_STAT_H 1
| #define HAVE_STDLIB_H 1
| #define HAVE_STRING_H 1
| #define HAVE_MEMORY_H 1
| #define HAVE_STRINGS_H 1
| #define HAVE_INTTYPES_H 1
| #define HAVE_STDINT_H 1
| #define HAVE_UNISTD_H 1
| #define __EXTENSIONS__ 1
| #define _ALL_SOURCE 1
| #define _GNU_SOURCE 1
| #define _POSIX_PTHREAD_SEMANTICS 1
| #define _TANDEM_SOURCE 1
| /* end confdefs.h.  */
| 
| /* Override any GCC internal prototype to avoid an error.
|    Use char because int might match the return type of a GCC
|    builtin and then its argument prototype would still apply.  */
| #ifdef __cplusplus
| extern "C"
| #endif
| char aa_change_profile ();
| int
| main ()
| {
| return aa_change_profile ();
|   ;
|   return 0;
| }
configure:5303: result: no
configure:5321: checking for gnutls_hash_fast in -lgnutls
configure:5346: gcc -o conftest -g -O2   conftest.c -lgnutls   >&5
configure:5346: $? = 0
configure:5355: result: yes
configure:5434: checking for setexeccon_raw in -lselinux
configure:5459: gcc -o conftest -g -O2   conftest.c -lselinux   >&5
/usr/bin/ld: cannot find -lselinux
collect2: error: ld returned 1 exit status
configure:5459: $? = 1
configure: failed program was:
| /* confdefs.h */
| #define PACKAGE_NAME "lxc"
| #define PACKAGE_TARNAME "lxc"
| #define PACKAGE_VERSION "1.0.6"
| #define PACKAGE_STRING "lxc 1.0.6"
| #define PACKAGE_BUGREPORT ""
| #define PACKAGE_URL ""
| #define PACKAGE "lxc"
| #define VERSION "1.0.6"
| #define STDC_HEADERS 1
| #define HAVE_SYS_TYPES_H 1
| #define HAVE_SYS_STAT_H 1
| #define HAVE_STDLIB_H 1
| #define HAVE_STRING_H 1
| #define HAVE_MEMORY_H 1
| #define HAVE_STRINGS_H 1
| #define HAVE_INTTYPES_H 1
| #define HAVE_STDINT_H 1
| #define HAVE_UNISTD_H 1
| #define __EXTENSIONS__ 1
| #define _ALL_SOURCE 1
| #define _GNU_SOURCE 1
| #define _POSIX_PTHREAD_SEMANTICS 1
| #define _TANDEM_SOURCE 1
| /* end confdefs.h.  */
| 
| /* Override any GCC internal prototype to avoid an error.
|    Use char because int might match the return type of a GCC
|    builtin and then its argument prototype would still apply.  */
| #ifdef __cplusplus
| extern "C"
| #endif
| char setexeccon_raw ();
| int
| main ()
| {
| return setexeccon_raw ();
|   ;
|   return 0;
| }
configure:5468: result: no
configure:5550: checking for seccomp_init in -lseccomp
configure:5575: gcc -o conftest -g -O2   conftest.c -lseccomp   >&5
/usr/bin/ld: cannot find -lseccomp
collect2: error: ld returned 1 exit status
configure:5575: $? = 1
configure: failed program was:
| /* confdefs.h */
| #define PACKAGE_NAME "lxc"
| #define PACKAGE_TARNAME "lxc"
| #define PACKAGE_VERSION "1.0.6"
| #define PACKAGE_STRING "lxc 1.0.6"
| #define PACKAGE_BUGREPORT ""
| #define PACKAGE_URL ""
| #define PACKAGE "lxc"
| #define VERSION "1.0.6"
| #define STDC_HEADERS 1
| #define HAVE_SYS_TYPES_H 1
| #define HAVE_SYS_STAT_H 1
| #define HAVE_STDLIB_H 1
| #define HAVE_STRING_H 1
| #define HAVE_MEMORY_H 1
| #define HAVE_STRINGS_H 1
| #define HAVE_INTTYPES_H 1
| #define HAVE_STDINT_H 1
| #define HAVE_UNISTD_H 1
| #define __EXTENSIONS__ 1
| #define _ALL_SOURCE 1
| #define _GNU_SOURCE 1
| #define _POSIX_PTHREAD_SEMANTICS 1
| #define _TANDEM_SOURCE 1
| /* end confdefs.h.  */
| 
| /* Override any GCC internal prototype to avoid an error.
|    Use char because int might match the return type of a GCC
|    builtin and then its argument prototype would still apply.  */
| #ifdef __cplusplus
| extern "C"
| #endif
| char seccomp_init ();
| int
| main ()
| {
| return seccomp_init ();
|   ;
|   return 0;
| }
configure:5584: result: no
configure:5803: checking for cgmanager_create in -lcgmanager
configure:5828: gcc -o conftest -g -O2   conftest.c -lcgmanager -lnih -lnih-dbus -ldbus-1  >&5
/usr/bin/ld: cannot find -lcgmanager
/usr/bin/ld: cannot find -lnih
/usr/bin/ld: cannot find -lnih-dbus
collect2: error: ld returned 1 exit status
configure:5828: $? = 1
configure: failed program was:
| /* confdefs.h */
| #define PACKAGE_NAME "lxc"
| #define PACKAGE_TARNAME "lxc"
| #define PACKAGE_VERSION "1.0.6"
| #define PACKAGE_STRING "lxc 1.0.6"
| #define PACKAGE_BUGREPORT ""
| #define PACKAGE_URL ""
| #define PACKAGE "lxc"
| #define VERSION "1.0.6"
| #define STDC_HEADERS 1
| #define HAVE_SYS_TYPES_H 1
| #define HAVE_SYS_STAT_H 1
| #define HAVE_STDLIB_H 1
| #define HAVE_STRING_H 1
| #define HAVE_MEMORY_H 1
| #define HAVE_STRINGS_H 1
| #define HAVE_INTTYPES_H 1
| #define HAVE_STDINT_H 1
| #define HAVE_UNISTD_H 1
| #define __EXTENSIONS__ 1
| #define _ALL_SOURCE 1
| #define _GNU_SOURCE 1
| #define _POSIX_PTHREAD_SEMANTICS 1
| #define _TANDEM_SOURCE 1
| /* end confdefs.h.  */
| 
| /* Override any GCC internal prototype to avoid an error.
|    Use char because int might match the return type of a GCC
|    builtin and then its argument prototype would still apply.  */
| #ifdef __cplusplus
| extern "C"
| #endif
| char cgmanager_create ();
| int
| main ()
| {
| return cgmanager_create ();
|   ;
|   return 0;
| }
configure:5837: result: no
configure:6223: checking for get_pid_cgroup_abs_sync
configure:6226: checking for library containing cgmanager_get_pid_cgroup_abs_sync
configure:6257: gcc -o conftest -g -O2   conftest.c  >&5
/tmp/cc0YKSHH.o: In function `main':
/home/lingyuan/parrot/m-smr/apps/lxc/lxc-1.0.6/conftest.c:37: undefined reference to `cgmanager_get_pid_cgroup_abs_sync'
collect2: error: ld returned 1 exit status
configure:6257: $? = 1
configure: failed program was:
| /* confdefs.h */
| #define PACKAGE_NAME "lxc"
| #define PACKAGE_TARNAME "lxc"
| #define PACKAGE_VERSION "1.0.6"
| #define PACKAGE_STRING "lxc 1.0.6"
| #define PACKAGE_BUGREPORT ""
| #define PACKAGE_URL ""
| #define PACKAGE "lxc"
| #define VERSION "1.0.6"
| #define STDC_HEADERS 1
| #define HAVE_SYS_TYPES_H 1
| #define HAVE_SYS_STAT_H 1
| #define HAVE_STDLIB_H 1
| #define HAVE_STRING_H 1
| #define HAVE_MEMORY_H 1
| #define HAVE_STRINGS_H 1
| #define HAVE_INTTYPES_H 1
| #define HAVE_STDINT_H 1
| #define HAVE_UNISTD_H 1
| #define __EXTENSIONS__ 1
| #define _ALL_SOURCE 1
| #define _GNU_SOURCE 1
| #define _POSIX_PTHREAD_SEMANTICS 1
| #define _TANDEM_SOURCE 1
| /* end confdefs.h.  */
| 
| /* Override any GCC internal prototype to avoid an error.
|    Use char because int might match the return type of a GCC
|    builtin and then its argument prototype would still apply.  */
| #ifdef __cplusplus
| extern "C"
| #endif
| char cgmanager_get_pid_cgroup_abs_sync ();
| int
| main ()
| {
| return cgmanager_get_pid_cgroup_abs_sync ();
|   ;
|   return 0;
| }
configure:6257: gcc -o conftest -g -O2   conftest.c -lcgmanager -lnih -lnih-dbus -ldbus-1  >&5
/usr/bin/ld: cannot find -lcgmanager
/usr/bin/ld: cannot find -lnih
/usr/bin/ld: cannot find -lnih-dbus
collect2: error: ld returned 1 exit status
configure:6257: $? = 1
configure: failed program was:
| /* confdefs.h */
| #define PACKAGE_NAME "lxc"
| #define PACKAGE_TARNAME "lxc"
| #define PACKAGE_VERSION "1.0.6"
| #define PACKAGE_STRING "lxc 1.0.6"
| #define PACKAGE_BUGREPORT ""
| #define PACKAGE_URL ""
| #define PACKAGE "lxc"
| #define VERSION "1.0.6"
| #define STDC_HEADERS 1
| #define HAVE_SYS_TYPES_H 1
| #define HAVE_SYS_STAT_H 1
| #define HAVE_STDLIB_H 1
| #define HAVE_STRING_H 1
| #define HAVE_MEMORY_H 1
| #define HAVE_STRINGS_H 1
| #define HAVE_INTTYPES_H 1
| #define HAVE_STDINT_H 1
| #define HAVE_UNISTD_H 1
| #define __EXTENSIONS__ 1
| #define _ALL_SOURCE 1
| #define _GNU_SOURCE 1
| #define _POSIX_PTHREAD_SEMANTICS 1
| #define _TANDEM_SOURCE 1
| /* end confdefs.h.  */
| 
| /* Override any GCC internal prototype to avoid an error.
|    Use char because int might match the return type of a GCC
|    builtin and then its argument prototype would still apply.  */
| #ifdef __cplusplus
| extern "C"
| #endif
| char cgmanager_get_pid_cgroup_abs_sync ();
| int
| main ()
| {
| return cgmanager_get_pid_cgroup_abs_sync ();
|   ;
|   return 0;
| }
configure:6274: result: no
configure:6292: result: no
configure:6305: checking for cap_set_proc in -lcap
configure:6330: gcc -o conftest -g -O2   conftest.c -lcap   >&5
configure:6330: $? = 0
configure:6339: result: yes
configure:6358: checking for cap_set_proc in -lcap
configure:6392: result: yes
configure:6407: checking for scmp_filter_ctx
configure:6407: gcc -c -g -O2   conftest.c >&5
conftest.c:26:21: fatal error: seccomp.h: No such file or directory
compilation terminated.
configure:6407: $? = 1
configure: failed program was:
| /* confdefs.h */
| #define PACKAGE_NAME "lxc"
| #define PACKAGE_TARNAME "lxc"
| #define PACKAGE_VERSION "1.0.6"
| #define PACKAGE_STRING "lxc 1.0.6"
| #define PACKAGE_BUGREPORT ""
| #define PACKAGE_URL ""
| #define PACKAGE "lxc"
| #define VERSION "1.0.6"
| #define STDC_HEADERS 1
| #define HAVE_SYS_TYPES_H 1
| #define HAVE_SYS_STAT_H 1
| #define HAVE_STDLIB_H 1
| #define HAVE_STRING_H 1
| #define HAVE_MEMORY_H 1
| #define HAVE_STRINGS_H 1
| #define HAVE_INTTYPES_H 1
| #define HAVE_STDINT_H 1
| #define HAVE_UNISTD_H 1
| #define __EXTENSIONS__ 1
| #define _ALL_SOURCE 1
| #define _GNU_SOURCE 1
| #define _POSIX_PTHREAD_SEMANTICS 1
| #define _TANDEM_SOURCE 1
| /* end confdefs.h.  */
| #include <seccomp.h>
| 
| int
| main ()
| {
| if (sizeof (scmp_filter_ctx))
| 	 return 0;
|   ;
|   return 0;
| }
configure:6407: result: no
configure:6418: checking whether seccomp_syscall_resolve_name_arch is declared
configure:6418: gcc -c -g -O2   conftest.c >&5
conftest.c:26:21: fatal error: seccomp.h: No such file or directory
compilation terminated.
configure:6418: $? = 1
configure: failed program was:
| /* confdefs.h */
| #define PACKAGE_NAME "lxc"
| #define PACKAGE_TARNAME "lxc"
| #define PACKAGE_VERSION "1.0.6"
| #define PACKAGE_STRING "lxc 1.0.6"
| #define PACKAGE_BUGREPORT ""
| #define PACKAGE_URL ""
| #define PACKAGE "lxc"
| #define VERSION "1.0.6"
| #define STDC_HEADERS 1
| #define HAVE_SYS_TYPES_H 1
| #define HAVE_SYS_STAT_H 1
| #define HAVE_STDLIB_H 1
| #define HAVE_STRING_H 1
| #define HAVE_MEMORY_H 1
| #define HAVE_STRINGS_H 1
| #define HAVE_INTTYPES_H 1
| #define HAVE_STDINT_H 1
| #define HAVE_UNISTD_H 1
| #define __EXTENSIONS__ 1
| #define _ALL_SOURCE 1
| #define _GNU_SOURCE 1
| #define _POSIX_PTHREAD_SEMANTICS 1
| #define _TANDEM_SOURCE 1
| /* end confdefs.h.  */
| #include <seccomp.h>
| 
| int
| main ()
| {
| #ifndef seccomp_syscall_resolve_name_arch
| #ifdef __cplusplus
|   (void) seccomp_syscall_resolve_name_arch;
| #else
|   (void) seccomp_syscall_resolve_name_arch;
| #endif
| #endif
| 
|   ;
|   return 0;
| }
configure:6418: result: no
configure:6461: checking for PYTHONDEV
configure:6468: $PKG_CONFIG --exists --print-errors "python3 >= 3.2"
Package python3 was not found in the pkg-config search path.
Perhaps you should add the directory containing `python3.pc'
to the PKG_CONFIG_PATH environment variable
No package 'python3' found
configure:6471: $? = 1
configure:6485: $PKG_CONFIG --exists --print-errors "python3 >= 3.2"
Package python3 was not found in the pkg-config search path.
Perhaps you should add the directory containing `python3.pc'
to the PKG_CONFIG_PATH environment variable
No package 'python3' found
configure:6488: $? = 1
configure:6502: result: no
No package 'python3' found
configure:7079: checking for LUA
configure:7086: $PKG_CONFIG --exists --print-errors "lua"
Package lua was not found in the pkg-config search path.
Perhaps you should add the directory containing `lua.pc'
to the PKG_CONFIG_PATH environment variable
No package 'lua' found
configure:7089: $? = 1
configure:7103: $PKG_CONFIG --exists --print-errors "lua"
Package lua was not found in the pkg-config search path.
Perhaps you should add the directory containing `lua.pc'
to the PKG_CONFIG_PATH environment variable
No package 'lua' found
configure:7106: $? = 1
configure:7120: result: no
No package 'lua' found
configure:7138: checking for LUA
configure:7145: $PKG_CONFIG --exists --print-errors "lua5.2"
Package lua5.2 was not found in the pkg-config search path.
Perhaps you should add the directory containing `lua5.2.pc'
to the PKG_CONFIG_PATH environment variable
No package 'lua5.2' found
configure:7148: $? = 1
configure:7162: $PKG_CONFIG --exists --print-errors "lua5.2"
Package lua5.2 was not found in the pkg-config search path.
Perhaps you should add the directory containing `lua5.2.pc'
to the PKG_CONFIG_PATH environment variable
No package 'lua5.2' found
configure:7165: $? = 1
configure:7179: result: no
No package 'lua5.2' found
configure:7197: checking for LUA
configure:7204: $PKG_CONFIG --exists --print-errors "lua5.1"
Package lua5.1 was not found in the pkg-config search path.
Perhaps you should add the directory containing `lua5.1.pc'
to the PKG_CONFIG_PATH environment variable
No package 'lua5.1' found
configure:7207: $? = 1
configure:7221: $PKG_CONFIG --exists --print-errors "lua5.1"
Package lua5.1 was not found in the pkg-config search path.
Perhaps you should add the directory containing `lua5.1.pc'
to the PKG_CONFIG_PATH environment variable
No package 'lua5.1' found
configure:7224: $? = 1
configure:7238: result: no
No package 'lua5.1' found
configure:7786: checking Whether to place logfiles in container config path
configure:7795: result: no
configure:8473: checking for linux/unistd.h
configure:8473: gcc -c -g -O2  conftest.c >&5
configure:8473: $? = 0
configure:8473: result: yes
configure:8473: checking for linux/netlink.h
configure:8473: gcc -c -g -O2  conftest.c >&5
configure:8473: $? = 0
configure:8473: result: yes
configure:8473: checking for linux/genetlink.h
configure:8473: gcc -c -g -O2  conftest.c >&5
configure:8473: $? = 0
configure:8473: result: yes
configure:8488: checking for bionic libc
configure:8503: gcc -c -g -O2  conftest.c >&5
conftest.c:31:6: error: expected '=', ',', ';', 'asm' or '__attribute__' before ':' token
configure:8503: $? = 1
configure: failed program was:
| /* confdefs.h */
| #define PACKAGE_NAME "lxc"
| #define PACKAGE_TARNAME "lxc"
| #define PACKAGE_VERSION "1.0.6"
| #define PACKAGE_STRING "lxc 1.0.6"
| #define PACKAGE_BUGREPORT ""
| #define PACKAGE_URL ""
| #define PACKAGE "lxc"
| #define VERSION "1.0.6"
| #define STDC_HEADERS 1
| #define HAVE_SYS_TYPES_H 1
| #define HAVE_SYS_STAT_H 1
| #define HAVE_STDLIB_H 1
| #define HAVE_STRING_H 1
| #define HAVE_MEMORY_H 1
| #define HAVE_STRINGS_H 1
| #define HAVE_INTTYPES_H 1
| #define HAVE_STDINT_H 1
| #define HAVE_UNISTD_H 1
| #define __EXTENSIONS__ 1
| #define _ALL_SOURCE 1
| #define _GNU_SOURCE 1
| #define _POSIX_PTHREAD_SEMANTICS 1
| #define _TANDEM_SOURCE 1
| #define HAVE_DECL_SECCOMP_SYSCALL_RESOLVE_NAME_ARCH 0
| #define HAVE_LINUX_UNISTD_H 1
| #define HAVE_LINUX_NETLINK_H 1
| #define HAVE_LINUX_GENETLINK_H 1
| /* end confdefs.h.  */
| #ifndef __ANDROID__
| error: Not bionic!
| #endif
| int
| main ()
| {
| 
|   ;
|   return 0;
| }
configure:8516: result: no
configure:8529: checking whether PR_CAPBSET_DROP is declared
configure:8529: gcc -c -g -O2  conftest.c >&5
configure:8529: $? = 0
configure:8529: result: yes
configure:8546: checking sys/signalfd.h usability
configure:8546: gcc -c -g -O2  conftest.c >&5
configure:8546: $? = 0
configure:8546: result: yes
configure:8546: checking sys/signalfd.h presence
configure:8546: gcc -E  conftest.c
configure:8546: $? = 0
configure:8546: result: yes
configure:8546: checking for sys/signalfd.h
configure:8546: result: yes
configure:8546: checking pty.h usability
configure:8546: gcc -c -g -O2  conftest.c >&5
configure:8546: $? = 0
configure:8546: result: yes
configure:8546: checking pty.h presence
configure:8546: gcc -E  conftest.c
configure:8546: $? = 0
configure:8546: result: yes
configure:8546: checking for pty.h
configure:8546: result: yes
configure:8546: checking ifaddrs.h usability
configure:8546: gcc -c -g -O2  conftest.c >&5
configure:8546: $? = 0
configure:8546: result: yes
configure:8546: checking ifaddrs.h presence
configure:8546: gcc -E  conftest.c
configure:8546: $? = 0
configure:8546: result: yes
configure:8546: checking for ifaddrs.h
configure:8546: result: yes
configure:8546: checking sys/capability.h usability
configure:8546: gcc -c -g -O2  conftest.c >&5
configure:8546: $? = 0
configure:8546: result: yes
configure:8546: checking sys/capability.h presence
configure:8546: gcc -E  conftest.c
configure:8546: $? = 0
configure:8546: result: yes
configure:8546: checking for sys/capability.h
configure:8546: result: yes
configure:8546: checking sys/personality.h usability
configure:8546: gcc -c -g -O2  conftest.c >&5
configure:8546: $? = 0
configure:8546: result: yes
configure:8546: checking sys/personality.h presence
configure:8546: gcc -E  conftest.c
configure:8546: $? = 0
configure:8546: result: yes
configure:8546: checking for sys/personality.h
configure:8546: result: yes
configure:8546: checking utmpx.h usability
configure:8546: gcc -c -g -O2  conftest.c >&5
configure:8546: $? = 0
configure:8546: result: yes
configure:8546: checking utmpx.h presence
configure:8546: gcc -E  conftest.c
configure:8546: $? = 0
configure:8546: result: yes
configure:8546: checking for utmpx.h
configure:8546: result: yes
configure:8546: checking sys/timerfd.h usability
configure:8546: gcc -c -g -O2  conftest.c >&5
configure:8546: $? = 0
configure:8546: result: yes
configure:8546: checking sys/timerfd.h presence
configure:8546: gcc -E  conftest.c
configure:8546: $? = 0
configure:8546: result: yes
configure:8546: checking for sys/timerfd.h
configure:8546: result: yes
configure:8561: checking for setns
configure:8561: gcc -o conftest -g -O2   conftest.c  >&5
configure:8561: $? = 0
configure:8561: result: yes
configure:8561: checking for pivot_root
configure:8561: gcc -o conftest -g -O2   conftest.c  >&5
configure:8561: $? = 0
configure:8561: result: yes
configure:8561: checking for sethostname
configure:8561: gcc -o conftest -g -O2   conftest.c  >&5
configure:8561: $? = 0
configure:8561: result: yes
configure:8561: checking for unshare
configure:8561: gcc -o conftest -g -O2   conftest.c  >&5
configure:8561: $? = 0
configure:8561: result: yes
configure:8561: checking for rand_r
configure:8561: gcc -o conftest -g -O2   conftest.c  >&5
configure:8561: $? = 0
configure:8561: result: yes
configure:8561: checking for confstr
configure:8561: gcc -o conftest -g -O2   conftest.c  >&5
configure:8561: $? = 0
configure:8561: result: yes
configure:8561: checking for faccessat
configure:8561: gcc -o conftest -g -O2   conftest.c  >&5
configure:8561: $? = 0
configure:8561: result: yes
configure:8572: checking for main in -lpthread
configure:8591: gcc -o conftest -g -O2   conftest.c -lpthread   >&5
configure:8591: $? = 0
configure:8600: result: yes
configure:8613: checking for pthread_atfork
configure:8613: gcc -o conftest -g -O2   conftest.c -lpthread  >&5
configure:8613: $? = 0
configure:8613: result: yes
configure:8624: checking for statvfs
configure:8624: gcc -o conftest -g -O2   conftest.c -lpthread  >&5
configure:8624: $? = 0
configure:8624: result: yes
configure:8633: checking for openpty in -lutil
configure:8658: gcc -o conftest -g -O2   conftest.c -lutil  -lpthread  >&5
configure:8658: $? = 0
configure:8667: result: yes
configure:8681: checking for openpty
configure:8681: gcc -o conftest -g -O2   conftest.c -lutil -lpthread  >&5
configure:8681: $? = 0
configure:8681: result: yes
configure:8681: checking for hasmntopt
configure:8681: gcc -o conftest -g -O2   conftest.c -lutil -lpthread  >&5
configure:8681: $? = 0
configure:8681: result: yes
configure:8681: checking for setmntent
configure:8681: gcc -o conftest -g -O2   conftest.c -lutil -lpthread  >&5
configure:8681: $? = 0
configure:8681: result: yes
configure:8681: checking for endmntent
configure:8681: gcc -o conftest -g -O2   conftest.c -lutil -lpthread  >&5
configure:8681: $? = 0
configure:8681: result: yes
configure:8681: checking for utmpxname
configure:8681: gcc -o conftest -g -O2   conftest.c -lutil -lpthread  >&5
configure:8681: $? = 0
configure:8681: result: yes
configure:8692: checking for getline
configure:8692: gcc -o conftest -g -O2   conftest.c -lutil -lpthread  >&5
configure:8692: $? = 0
configure:8692: result: yes
configure:8722: checking for fgetln
configure:8722: gcc -o conftest -g -O2   conftest.c -lutil -lpthread  >&5
/tmp/ccwQR4em.o: In function `main':
/home/lingyuan/parrot/m-smr/apps/lxc/lxc-1.0.6/conftest.c:90: undefined reference to `fgetln'
collect2: error: ld returned 1 exit status
configure:8722: $? = 1
configure: failed program was:
| /* confdefs.h */
| #define PACKAGE_NAME "lxc"
| #define PACKAGE_TARNAME "lxc"
| #define PACKAGE_VERSION "1.0.6"
| #define PACKAGE_STRING "lxc 1.0.6"
| #define PACKAGE_BUGREPORT ""
| #define PACKAGE_URL ""
| #define PACKAGE "lxc"
| #define VERSION "1.0.6"
| #define STDC_HEADERS 1
| #define HAVE_SYS_TYPES_H 1
| #define HAVE_SYS_STAT_H 1
| #define HAVE_STDLIB_H 1
| #define HAVE_STRING_H 1
| #define HAVE_MEMORY_H 1
| #define HAVE_STRINGS_H 1
| #define HAVE_INTTYPES_H 1
| #define HAVE_STDINT_H 1
| #define HAVE_UNISTD_H 1
| #define __EXTENSIONS__ 1
| #define _ALL_SOURCE 1
| #define _GNU_SOURCE 1
| #define _POSIX_PTHREAD_SEMANTICS 1
| #define _TANDEM_SOURCE 1
| #define HAVE_DECL_SECCOMP_SYSCALL_RESOLVE_NAME_ARCH 0
| #define HAVE_LINUX_UNISTD_H 1
| #define HAVE_LINUX_NETLINK_H 1
| #define HAVE_LINUX_GENETLINK_H 1
| #define HAVE_DECL_PR_CAPBSET_DROP 1
| #define HAVE_SYS_SIGNALFD_H 1
| #define HAVE_PTY_H 1
| #define HAVE_IFADDRS_H 1
| #define HAVE_SYS_CAPABILITY_H 1
| #define HAVE_SYS_PERSONALITY_H 1
| #define HAVE_UTMPX_H 1
| #define HAVE_SYS_TIMERFD_H 1
| #define HAVE_SETNS 1
| #define HAVE_PIVOT_ROOT 1
| #define HAVE_SETHOSTNAME 1
| #define HAVE_UNSHARE 1
| #define HAVE_RAND_R 1
| #define HAVE_CONFSTR 1
| #define HAVE_FACCESSAT 1
| #define HAVE_LIBPTHREAD 1
| #define HAVE_PTHREAD_ATFORK 1
| #define HAVE_STATVFS 1
| #define HAVE_LIBUTIL 1
| #define HAVE_OPENPTY 1
| #define HAVE_HASMNTOPT 1
| #define HAVE_SETMNTENT 1
| #define HAVE_ENDMNTENT 1
| #define HAVE_UTMPXNAME 1
| #define HAVE_GETLINE 1
| #define HAVE_GETLINE 1
| /* end confdefs.h.  */
| /* Define fgetln to an innocuous variant, in case <limits.h> declares fgetln.
|    For example, HP-UX 11i <limits.h> declares gettimeofday.  */
| #define fgetln innocuous_fgetln
| 
| /* System header to define __stub macros and hopefully few prototypes,
|     which can conflict with char fgetln (); below.
|     Prefer <limits.h> to <assert.h> if __STDC__ is defined, since
|     <limits.h> exists even on freestanding compilers.  */
| 
| #ifdef __STDC__
| # include <limits.h>
| #else
| # include <assert.h>
| #endif
| 
| #undef fgetln
| 
| /* Override any GCC internal prototype to avoid an error.
|    Use char because int might match the return type of a GCC
|    builtin and then its argument prototype would still apply.  */
| #ifdef __cplusplus
| extern "C"
| #endif
| char fgetln ();
| /* The GNU C library defines this for functions which it implements
|     to always fail with ENOSYS.  Some functions are actually named
|     something starting with __ and the normal name is an alias.  */
| #if defined __stub_fgetln || defined __stub___fgetln
| choke me
| #endif
| 
| int
| main ()
| {
| return fgetln ();
|   ;
|   return 0;
| }
configure:8722: result: no
configure:8752: checking for library containing sem_open
configure:8783: gcc -o conftest -g -O2   conftest.c -lutil -lpthread  >&5
configure:8783: $? = 0
configure:8800: result: none required
configure:8808: checking for library containing clock_gettime
configure:8839: gcc -o conftest -g -O2   conftest.c -lutil -lpthread  >&5
/tmp/cczOfntt.o: In function `main':
/home/lingyuan/parrot/m-smr/apps/lxc/lxc-1.0.6/conftest.c:67: undefined reference to `clock_gettime'
collect2: error: ld returned 1 exit status
configure:8839: $? = 1
configure: failed program was:
| /* confdefs.h */
| #define PACKAGE_NAME "lxc"
| #define PACKAGE_TARNAME "lxc"
| #define PACKAGE_VERSION "1.0.6"
| #define PACKAGE_STRING "lxc 1.0.6"
| #define PACKAGE_BUGREPORT ""
| #define PACKAGE_URL ""
| #define PACKAGE "lxc"
| #define VERSION "1.0.6"
| #define STDC_HEADERS 1
| #define HAVE_SYS_TYPES_H 1
| #define HAVE_SYS_STAT_H 1
| #define HAVE_STDLIB_H 1
| #define HAVE_STRING_H 1
| #define HAVE_MEMORY_H 1
| #define HAVE_STRINGS_H 1
| #define HAVE_INTTYPES_H 1
| #define HAVE_STDINT_H 1
| #define HAVE_UNISTD_H 1
| #define __EXTENSIONS__ 1
| #define _ALL_SOURCE 1
| #define _GNU_SOURCE 1
| #define _POSIX_PTHREAD_SEMANTICS 1
| #define _TANDEM_SOURCE 1
| #define HAVE_DECL_SECCOMP_SYSCALL_RESOLVE_NAME_ARCH 0
| #define HAVE_LINUX_UNISTD_H 1
| #define HAVE_LINUX_NETLINK_H 1
| #define HAVE_LINUX_GENETLINK_H 1
| #define HAVE_DECL_PR_CAPBSET_DROP 1
| #define HAVE_SYS_SIGNALFD_H 1
| #define HAVE_PTY_H 1
| #define HAVE_IFADDRS_H 1
| #define HAVE_SYS_CAPABILITY_H 1
| #define HAVE_SYS_PERSONALITY_H 1
| #define HAVE_UTMPX_H 1
| #define HAVE_SYS_TIMERFD_H 1
| #define HAVE_SETNS 1
| #define HAVE_PIVOT_ROOT 1
| #define HAVE_SETHOSTNAME 1
| #define HAVE_UNSHARE 1
| #define HAVE_RAND_R 1
| #define HAVE_CONFSTR 1
| #define HAVE_FACCESSAT 1
| #define HAVE_LIBPTHREAD 1
| #define HAVE_PTHREAD_ATFORK 1
| #define HAVE_STATVFS 1
| #define HAVE_LIBUTIL 1
| #define HAVE_OPENPTY 1
| #define HAVE_HASMNTOPT 1
| #define HAVE_SETMNTENT 1
| #define HAVE_ENDMNTENT 1
| #define HAVE_UTMPXNAME 1
| #define HAVE_GETLINE 1
| #define HAVE_GETLINE 1
| /* end confdefs.h.  */
| 
| /* Override any GCC internal prototype to avoid an error.
|    Use char because int might match the return type of a GCC
|    builtin and then its argument prototype would still apply.  */
| #ifdef __cplusplus
| extern "C"
| #endif
| char clock_gettime ();
| int
| main ()
| {
| return clock_gettime ();
|   ;
|   return 0;
| }
configure:8839: gcc -o conftest -g -O2   conftest.c -lrt  -lutil -lpthread  >&5
configure:8839: $? = 0
configure:8856: result: -lrt
configure:8867: checking whether gcc needs -traditional
configure:8901: result: no
configure:8908: checking for a sed that does not truncate output
configure:8972: result: /bin/sed
configure:8980: checking for TLS
configure:8989: gcc -o conftest -g -O2   conftest.c -lrt -lutil -lpthread  >&5
configure:8989: $? = 0
configure:8989: ./conftest
configure:8989: $? = 0
configure:8998: result: yes
configure:9253: creating ./config.status

## ---------------------- ##
## Running config.status. ##
## ---------------------- ##

This file was extended by lxc config.status 1.0.6, which was
generated by GNU Autoconf 2.68.  Invocation command line was

  CONFIG_FILES    = 
  CONFIG_HEADERS  = 
  CONFIG_LINKS    = 
  CONFIG_COMMANDS = 
  $ ./config.status 

on bug01.cs.columbia.edu

config.status:1172: creating Makefile
config.status:1172: creating lxc.pc
config.status:1172: creating lxc.spec
config.status:1172: creating config/Makefile
config.status:1172: creating config/apparmor/Makefile
config.status:1172: creating config/selinux/Makefile
config.status:1172: creating config/bash/Makefile
config.status:1172: creating config/bash/lxc
config.status:1172: creating config/init/Makefile
config.status:1172: creating config/init/sysvinit/Makefile
config.status:1172: creating config/init/sysvinit/lxc
config.status:1172: creating config/init/systemd/Makefile
config.status:1172: creating config/init/systemd/lxc.service
config.status:1172: creating config/init/upstart/Makefile
config.status:1172: creating config/etc/Makefile
config.status:1172: creating config/templates/Makefile
config.status:1172: creating config/templates/centos.common.conf
config.status:1172: creating config/templates/centos.userns.conf
config.status:1172: creating config/templates/debian.common.conf
config.status:1172: creating config/templates/debian.userns.conf
config.status:1172: creating config/templates/fedora.common.conf
config.status:1172: creating config/templates/fedora.userns.conf
config.status:1172: creating config/templates/gentoo.common.conf
config.status:1172: creating config/templates/gentoo.moresecure.conf
config.status:1172: creating config/templates/gentoo.userns.conf
config.status:1172: creating config/templates/oracle.common.conf
config.status:1172: creating config/templates/oracle.userns.conf
config.status:1172: creating config/templates/plamo.common.conf
config.status:1172: creating config/templates/plamo.userns.conf
config.status:1172: creating config/templates/ubuntu-cloud.common.conf
config.status:1172: creating config/templates/ubuntu-cloud.lucid.conf
config.status:1172: creating config/templates/ubuntu-cloud.userns.conf
config.status:1172: creating config/templates/ubuntu.common.conf
config.status:1172: creating config/templates/ubuntu.lucid.conf
config.status:1172: creating config/templates/ubuntu.userns.conf
config.status:1172: creating config/yum/Makefile
config.status:1172: creating doc/Makefile
config.status:1172: creating doc/api/Makefile
config.status:1172: creating doc/legacy/lxc-ls.sgml
config.status:1172: creating doc/lxc-attach.sgml
config.status:1172: creating doc/lxc-autostart.sgml
config.status:1172: creating doc/lxc-cgroup.sgml
config.status:1172: creating doc/lxc-checkconfig.sgml
config.status:1172: creating doc/lxc-clone.sgml
config.status:1172: creating doc/lxc-config.sgml
config.status:1172: creating doc/lxc-console.sgml
config.status:1172: creating doc/lxc-create.sgml
config.status:1172: creating doc/lxc-destroy.sgml
config.status:1172: creating doc/lxc-device.sgml
config.status:1172: creating doc/lxc-execute.sgml
config.status:1172: creating doc/lxc-freeze.sgml
config.status:1172: creating doc/lxc-info.sgml
config.status:1172: creating doc/lxc-ls.sgml
config.status:1172: creating doc/lxc-monitor.sgml
config.status:1172: creating doc/lxc-snapshot.sgml
config.status:1172: creating doc/lxc-start-ephemeral.sgml
config.status:1172: creating doc/lxc-start.sgml
config.status:1172: creating doc/lxc-stop.sgml
config.status:1172: creating doc/lxc-top.sgml
config.status:1172: creating doc/lxc-unfreeze.sgml
config.status:1172: creating doc/lxc-unshare.sgml
config.status:1172: creating doc/lxc-user-nic.sgml
config.status:1172: creating doc/lxc-usernsexec.sgml
config.status:1172: creating doc/lxc-wait.sgml
config.status:1172: creating doc/lxc.conf.sgml
config.status:1172: creating doc/lxc.container.conf.sgml
config.status:1172: creating doc/lxc.system.conf.sgml
config.status:1172: creating doc/lxc-usernet.sgml
config.status:1172: creating doc/lxc.sgml
config.status:1172: creating doc/common_options.sgml
config.status:1172: creating doc/see_also.sgml
config.status:1172: creating doc/rootfs/Makefile
config.status:1172: creating doc/examples/Makefile
config.status:1172: creating doc/examples/lxc-macvlan.conf
config.status:1172: creating doc/examples/lxc-vlan.conf
config.status:1172: creating doc/examples/lxc-no-netns.conf
config.status:1172: creating doc/examples/lxc-empty-netns.conf
config.status:1172: creating doc/examples/lxc-phys.conf
config.status:1172: creating doc/examples/lxc-veth.conf
config.status:1172: creating doc/examples/lxc-complex.conf
config.status:1172: creating doc/ja/Makefile
config.status:1172: creating doc/ja/legacy/lxc-ls.sgml
config.status:1172: creating doc/ja/lxc-attach.sgml
config.status:1172: creating doc/ja/lxc-autostart.sgml
config.status:1172: creating doc/ja/lxc-cgroup.sgml
config.status:1172: creating doc/ja/lxc-checkconfig.sgml
config.status:1172: creating doc/ja/lxc-clone.sgml
config.status:1172: creating doc/ja/lxc-config.sgml
config.status:1172: creating doc/ja/lxc-console.sgml
config.status:1172: creating doc/ja/lxc-create.sgml
config.status:1172: creating doc/ja/lxc-destroy.sgml
config.status:1172: creating doc/ja/lxc-device.sgml
config.status:1172: creating doc/ja/lxc-execute.sgml
config.status:1172: creating doc/ja/lxc-freeze.sgml
config.status:1172: creating doc/ja/lxc-info.sgml
config.status:1172: creating doc/ja/lxc-ls.sgml
config.status:1172: creating doc/ja/lxc-monitor.sgml
config.status:1172: creating doc/ja/lxc-snapshot.sgml
config.status:1172: creating doc/ja/lxc-start-ephemeral.sgml
config.status:1172: creating doc/ja/lxc-start.sgml
config.status:1172: creating doc/ja/lxc-stop.sgml
config.status:1172: creating doc/ja/lxc-top.sgml
config.status:1172: creating doc/ja/lxc-unfreeze.sgml
config.status:1172: creating doc/ja/lxc-unshare.sgml
config.status:1172: creating doc/ja/lxc-user-nic.sgml
config.status:1172: creating doc/ja/lxc-usernsexec.sgml
config.status:1172: creating doc/ja/lxc-wait.sgml
config.status:1172: creating doc/ja/lxc.conf.sgml
config.status:1172: creating doc/ja/lxc.container.conf.sgml
config.status:1172: creating doc/ja/lxc.system.conf.sgml
config.status:1172: creating doc/ja/lxc-usernet.sgml
config.status:1172: creating doc/ja/lxc.sgml
config.status:1172: creating doc/ja/common_options.sgml
config.status:1172: creating doc/ja/see_also.sgml
config.status:1172: creating hooks/Makefile
config.status:1172: creating templates/Makefile
config.status:1172: creating templates/lxc-alpine
config.status:1172: creating templates/lxc-altlinux
config.status:1172: creating templates/lxc-archlinux
config.status:1172: creating templates/lxc-busybox
config.status:1172: creating templates/lxc-centos
config.status:1172: creating templates/lxc-cirros
config.status:1172: creating templates/lxc-debian
config.status:1172: creating templates/lxc-download
config.status:1172: creating templates/lxc-fedora
config.status:1172: creating templates/lxc-gentoo
config.status:1172: creating templates/lxc-openmandriva
config.status:1172: creating templates/lxc-opensuse
config.status:1172: creating templates/lxc-oracle
config.status:1172: creating templates/lxc-plamo
config.status:1172: creating templates/lxc-sshd
config.status:1172: creating templates/lxc-ubuntu
config.status:1172: creating templates/lxc-ubuntu-cloud
config.status:1172: creating src/Makefile
config.status:1172: creating src/lxc/Makefile
config.status:1172: creating src/lxc/lxc-checkconfig
config.status:1172: creating src/lxc/lxc-ls
config.status:1172: creating src/lxc/lxc-start-ephemeral
config.status:1172: creating src/lxc/legacy/lxc-ls
config.status:1172: creating src/lxc/lxc.functions
config.status:1172: creating src/lxc/version.h
config.status:1172: creating src/python-lxc/Makefile
config.status:1172: creating src/python-lxc/setup.py
config.status:1172: creating src/lua-lxc/Makefile
config.status:1172: creating src/tests/Makefile
config.status:1172: creating src/tests/lxc-test-usernic
config.status:1172: creating src/config.h
config.status:1413: linking config/etc/default.conf.ubuntu to config/etc/default.conf
config.status:1432: executing depfiles commands
config.status:1432: executing default commands

## ---------------- ##
## Cache variables. ##
## ---------------- ##

ac_cv_build=x86_64-unknown-linux-gnu
ac_cv_c_compiler_gnu=yes
ac_cv_env_CC_set=
ac_cv_env_CC_value=
ac_cv_env_CFLAGS_set=
ac_cv_env_CFLAGS_value=
ac_cv_env_CGMANAGER_CFLAGS_set=
ac_cv_env_CGMANAGER_CFLAGS_value=
ac_cv_env_CGMANAGER_LIBS_set=
ac_cv_env_CGMANAGER_LIBS_value=
ac_cv_env_CPPFLAGS_set=
ac_cv_env_CPPFLAGS_value=
ac_cv_env_CPP_set=
ac_cv_env_CPP_value=
ac_cv_env_DBUS_CFLAGS_set=
ac_cv_env_DBUS_CFLAGS_value=
ac_cv_env_DBUS_LIBS_set=
ac_cv_env_DBUS_LIBS_value=
ac_cv_env_LDFLAGS_set=
ac_cv_env_LDFLAGS_value=
ac_cv_env_LIBS_set=
ac_cv_env_LIBS_value=
ac_cv_env_LUA_CFLAGS_set=
ac_cv_env_LUA_CFLAGS_value=
ac_cv_env_LUA_LIBS_set=
ac_cv_env_LUA_LIBS_value=
ac_cv_env_LUA_VERSION_set=
ac_cv_env_LUA_VERSION_value=
ac_cv_env_NIH_CFLAGS_set=
ac_cv_env_NIH_CFLAGS_value=
ac_cv_env_NIH_DBUS_CFLAGS_set=
ac_cv_env_NIH_DBUS_CFLAGS_value=
ac_cv_env_NIH_DBUS_LIBS_set=
ac_cv_env_NIH_DBUS_LIBS_value=
ac_cv_env_NIH_LIBS_set=
ac_cv_env_NIH_LIBS_value=
ac_cv_env_PKG_CONFIG_LIBDIR_set=
ac_cv_env_PKG_CONFIG_LIBDIR_value=
ac_cv_env_PKG_CONFIG_PATH_set=
ac_cv_env_PKG_CONFIG_PATH_value=
ac_cv_env_PKG_CONFIG_set=
ac_cv_env_PKG_CONFIG_value=
ac_cv_env_PYTHONDEV_CFLAGS_set=
ac_cv_env_PYTHONDEV_CFLAGS_value=
ac_cv_env_PYTHONDEV_LIBS_set=
ac_cv_env_PYTHONDEV_LIBS_value=
ac_cv_env_PYTHON_set=
ac_cv_env_PYTHON_value=
ac_cv_env_SECCOMP_CFLAGS_set=
ac_cv_env_SECCOMP_CFLAGS_value=
ac_cv_env_SECCOMP_LIBS_set=
ac_cv_env_SECCOMP_LIBS_value=
ac_cv_env_build_alias_set=
ac_cv_env_build_alias_value=
ac_cv_env_host_alias_set=
ac_cv_env_host_alias_value=
ac_cv_env_target_alias_set=
ac_cv_env_target_alias_value=
ac_cv_func_confstr=yes
ac_cv_func_endmntent=yes
ac_cv_func_faccessat=yes
ac_cv_func_fgetln=no
ac_cv_func_getline=yes
ac_cv_func_hasmntopt=yes
ac_cv_func_openpty=yes
ac_cv_func_pivot_root=yes
ac_cv_func_pthread_atfork=yes
ac_cv_func_rand_r=yes
ac_cv_func_sethostname=yes
ac_cv_func_setmntent=yes
ac_cv_func_setns=yes
ac_cv_func_statvfs=yes
ac_cv_func_unshare=yes
ac_cv_func_utmpxname=yes
ac_cv_have_decl_PR_CAPBSET_DROP=yes
ac_cv_have_decl_seccomp_syscall_resolve_name_arch=no
ac_cv_header_ifaddrs_h=yes
ac_cv_header_inttypes_h=yes
ac_cv_header_linux_genetlink_h=yes
ac_cv_header_linux_netlink_h=yes
ac_cv_header_linux_unistd_h=yes
ac_cv_header_memory_h=yes
ac_cv_header_minix_config_h=no
ac_cv_header_pty_h=yes
ac_cv_header_stdc=yes
ac_cv_header_stdint_h=yes
ac_cv_header_stdlib_h=yes
ac_cv_header_string_h=yes
ac_cv_header_strings_h=yes
ac_cv_header_sys_capability_h=yes
ac_cv_header_sys_personality_h=yes
ac_cv_header_sys_signalfd_h=yes
ac_cv_header_sys_stat_h=yes
ac_cv_header_sys_timerfd_h=yes
ac_cv_header_sys_types_h=yes
ac_cv_header_unistd_h=yes
ac_cv_header_utmpx_h=yes
ac_cv_host=x86_64-unknown-linux-gnu
ac_cv_lib_apparmor_aa_change_profile=no
ac_cv_lib_cap_cap_set_proc=yes
ac_cv_lib_cgmanager_cgmanager_create=no
ac_cv_lib_gnutls_gnutls_hash_fast=yes
ac_cv_lib_pthread_main=yes
ac_cv_lib_seccomp_seccomp_init=no
ac_cv_lib_selinux_setexeccon_raw=no
ac_cv_lib_util_openpty=yes
ac_cv_objext=o
ac_cv_path_EGREP='/bin/grep -E'
ac_cv_path_GREP=/bin/grep
ac_cv_path_SED=/bin/sed
ac_cv_path_ac_pt_PKG_CONFIG=/usr/bin/pkg-config
ac_cv_path_install='/usr/bin/install -c'
ac_cv_path_mkdir=/bin/mkdir
ac_cv_prog_AWK=gawk
ac_cv_prog_CPP='gcc -E'
ac_cv_prog_HAVE_DOXYGEN=doxygen
ac_cv_prog_ac_ct_CC=gcc
ac_cv_prog_cc_c89=
ac_cv_prog_cc_g=yes
ac_cv_prog_cc_gcc_c_o=yes
ac_cv_prog_gcc_traditional=no
ac_cv_prog_make_make_set=yes
ac_cv_safe_to_define___extensions__=yes
ac_cv_search_cgmanager_get_pid_cgroup_abs_sync=no
ac_cv_search_clock_gettime=-lrt
ac_cv_search_sem_open='none required'
ac_cv_type_scmp_filter_ctx=no
am_cv_CC_dependencies_compiler_type=gcc3

## ----------------- ##
## Output variables. ##
## ----------------- ##

ACLOCAL='${SHELL} /home/lingyuan/parrot/m-smr/apps/lxc/lxc-1.0.6/config/missing --run aclocal-1.11'
AMDEPBACKSLASH='\'
AMDEP_FALSE='#'
AMDEP_TRUE=''
AMTAR='$${TAR-tar}'
APPARMOR_LIBS=''
AUTOCONF='${SHELL} /home/lingyuan/parrot/m-smr/apps/lxc/lxc-1.0.6/config/missing --run autoconf'
AUTOHEADER='${SHELL} /home/lingyuan/parrot/m-smr/apps/lxc/lxc-1.0.6/config/missing --run autoheader'
AUTOMAKE='${SHELL} /home/lingyuan/parrot/m-smr/apps/lxc/lxc-1.0.6/config/missing --run automake-1.11'
AWK='gawk'
BINDIR='/usr/local/bin'
CAP_LIBS='-lcap'
CC='gcc'
CCDEPMODE='depmode=gcc3'
CFLAGS='-g -O2 -Wall -Werror'
CGMANAGER_CFLAGS=''
CGMANAGER_LIBS=''
CPP='gcc -E'
CPPFLAGS=''
CYGPATH_W='echo'
DATADIR='/usr/local/share'
DBUS_CFLAGS=''
DBUS_LIBS=''
DEFAULT_CGROUP_PATTERN='/lxc/%n'
DEFS='-DHAVE_CONFIG_H'
DEPDIR='.deps'
DISTRO_UBUNTU_FALSE='#'
DISTRO_UBUNTU_TRUE=''
DOCDIR='/usr/local/share/doc/lxc'
ECHO_C=''
ECHO_N='-n'
ECHO_T=''
EGREP='/bin/grep -E'
ENABLE_API_DOCS_FALSE='#'
ENABLE_API_DOCS_TRUE=''
ENABLE_APPARMOR_FALSE=''
ENABLE_APPARMOR_TRUE='#'
ENABLE_BASH_FALSE='#'
ENABLE_BASH_TRUE=''
ENABLE_CAP_FALSE='#'
ENABLE_CAP_TRUE=''
ENABLE_CGMANAGER_FALSE=''
ENABLE_CGMANAGER_TRUE='#'
ENABLE_DOCBOOK_FALSE=''
ENABLE_DOCBOOK_TRUE='#'
ENABLE_EXAMPLES_FALSE='#'
ENABLE_EXAMPLES_TRUE=''
ENABLE_LUA_FALSE=''
ENABLE_LUA_TRUE='#'
ENABLE_PYTHON_FALSE=''
ENABLE_PYTHON_TRUE='#'
ENABLE_RPATH_FALSE=''
ENABLE_RPATH_TRUE='#'
ENABLE_SECCOMP_FALSE=''
ENABLE_SECCOMP_TRUE='#'
ENABLE_SELINUX_FALSE=''
ENABLE_SELINUX_TRUE='#'
ENABLE_TESTS_FALSE=''
ENABLE_TESTS_TRUE='#'
EXEEXT=''
GREP='/bin/grep'
HAVE_DEBIAN_FALSE='#'
HAVE_DEBIAN_TRUE=''
HAVE_DOXYGEN='doxygen'
HAVE_FGETLN_FALSE=''
HAVE_FGETLN_TRUE='#'
HAVE_GETLINE_FALSE='#'
HAVE_GETLINE_TRUE=''
INCLUDEDIR='/usr/local/include'
INIT_SCRIPT_SYSTEMD_FALSE=''
INIT_SCRIPT_SYSTEMD_TRUE='#'
INIT_SCRIPT_SYSV_FALSE=''
INIT_SCRIPT_SYSV_TRUE='#'
INIT_SCRIPT_UPSTART_FALSE='#'
INIT_SCRIPT_UPSTART_TRUE=''
INSTALL_DATA='${INSTALL} -m 644'
INSTALL_PROGRAM='${INSTALL}'
INSTALL_SCRIPT='${INSTALL}'
INSTALL_STRIP_PROGRAM='$(install_sh) -c -s'
IS_BIONIC_FALSE=''
IS_BIONIC_TRUE='#'
LDFLAGS=''
LIBDIR='/usr/local/lib'
LIBEXECDIR='/usr/local/libexec'
LIBOBJS=''
LIBS='-lrt -lutil -lpthread '
LOCALSTATEDIR='/usr/local/var'
LOGPATH='/usr/local/var/log/lxc'
LTLIBOBJS=''
LUA_CFLAGS=''
LUA_LIBDIR=''
LUA_LIBS=''
LUA_SHAREDIR=''
LUA_VERSION=''
LXCHOOKDIR='/usr/local/share/lxc/hooks'
LXCINITDIR='/usr/local/libexec'
LXCPATH='/usr/local/var/lib/lxc'
LXCROOTFSMOUNT='/usr/local/lib/lxc/rootfs'
LXCTEMPLATECONFIG='/usr/local/share/lxc/config'
LXCTEMPLATEDIR='/usr/local/share/lxc/templates'
LXC_DEFAULT_CONFIG='/usr/local/etc/lxc/default.conf'
LXC_GENERATE_DATE='Thu Dec 4 23:16:13 EST 2014'
LXC_GLOBAL_CONF='/usr/local/etc/lxc/lxc.conf'
LXC_USERNIC_CONF='/usr/local/etc/lxc/lxc-usernet'
LXC_USERNIC_DB='/run/lxc/nics'
LXC_VERSION='1.0.6'
LXC_VERSION_BASE='1.0.6'
LXC_VERSION_BETA=''
LXC_VERSION_MAJOR='1'
LXC_VERSION_MICRO='6'
LXC_VERSION_MINOR='0'
MAKEINFO='${SHELL} /home/lingyuan/parrot/m-smr/apps/lxc/lxc-1.0.6/config/missing --run makeinfo'
MKDIR_P='/bin/mkdir -p'
MUTEX_DEBUGGING_FALSE=''
MUTEX_DEBUGGING_TRUE='#'
NIH_CFLAGS=''
NIH_DBUS_CFLAGS=''
NIH_DBUS_LIBS=''
NIH_LIBS=''
OBJEXT='o'
PACKAGE='lxc'
PACKAGE_BUGREPORT=''
PACKAGE_NAME='lxc'
PACKAGE_STRING='lxc 1.0.6'
PACKAGE_TARNAME='lxc'
PACKAGE_URL=''
PACKAGE_VERSION='1.0.6'
PATH_SEPARATOR=':'
PKG_CONFIG='/usr/bin/pkg-config'
PKG_CONFIG_LIBDIR=''
PKG_CONFIG_PATH=''
PREFIX='NONE'
PYTHON=''
PYTHONDEV_CFLAGS=''
PYTHONDEV_LIBS=''
PYTHON_EXEC_PREFIX=''
PYTHON_PLATFORM=''
PYTHON_PREFIX=''
PYTHON_VERSION=''
RUNTIME_PATH='/run'
SBINDIR='/usr/local/sbin'
SECCOMP_CFLAGS=''
SECCOMP_LIBS=''
SED='/bin/sed'
SELINUX_LIBS=''
SET_MAKE=''
SHELL='/bin/bash'
STRIP=''
SYSCONFDIR='/usr/local/etc'
USE_CONFIGPATH_LOGS_FALSE=''
USE_CONFIGPATH_LOGS_TRUE='#'
USE_DOCBOOK2X_FALSE='#'
USE_DOCBOOK2X_TRUE=''
VERSION='1.0.6'
ac_ct_CC='gcc'
am__EXEEXT_FALSE=''
am__EXEEXT_TRUE='#'
am__fastdepCC_FALSE='#'
am__fastdepCC_TRUE=''
am__include='include'
am__isrc=''
am__leading_dot='.'
am__nodep='_no'
am__quote=''
am__tar='$${TAR-tar} chof - "$$tardir"'
am__untar='$${TAR-tar} xf -'
bindir='${exec_prefix}/bin'
build='x86_64-unknown-linux-gnu'
build_alias=''
build_cpu='x86_64'
build_os='linux-gnu'
build_vendor='unknown'
datadir='${datarootdir}'
datarootdir='${prefix}/share'
db2xman=''
docdir='${datarootdir}/doc/${PACKAGE_TARNAME}'
docdtd='"-//OASIS//DTD DocBook XML" "http://www.oasis-open.org/docbook/xml/4.5/docbookx.dtd"'
dvidir='${docdir}'
exec_prefix='${prefix}'
host='x86_64-unknown-linux-gnu'
host_alias=''
host_cpu='x86_64'
host_os='linux-gnu'
host_vendor='unknown'
htmldir='${docdir}'
includedir='${prefix}/include'
infodir='${datarootdir}/info'
install_sh='${SHELL} /home/lingyuan/parrot/m-smr/apps/lxc/lxc-1.0.6/config/install-sh'
libdir='${exec_prefix}/lib'
libexecdir='${exec_prefix}/libexec'
localedir='${datarootdir}/locale'
localstatedir='${prefix}/var'
mandir='${datarootdir}/man'
mkdir_p='/bin/mkdir -p'
oldincludedir='/usr/include'
pdfdir='${docdir}'
pkgpyexecdir=''
pkgpythondir=''
prefix='/usr/local'
program_transform_name='s,x,x,'
psdir='${docdir}'
pyexecdir=''
pythondir=''
sbindir='${exec_prefix}/sbin'
sharedstatedir='${prefix}/com'
sysconfdir='${prefix}/etc'
target_alias=''

## ----------- ##
## confdefs.h. ##
## ----------- ##

/* confdefs.h */
#define PACKAGE_NAME "lxc"
#define PACKAGE_TARNAME "lxc"
#define PACKAGE_VERSION "1.0.6"
#define PACKAGE_STRING "lxc 1.0.6"
#define PACKAGE_BUGREPORT ""
#define PACKAGE_URL ""
#define PACKAGE "lxc"
#define VERSION "1.0.6"
#define STDC_HEADERS 1
#define HAVE_SYS_TYPES_H 1
#define HAVE_SYS_STAT_H 1
#define HAVE_STDLIB_H 1
#define HAVE_STRING_H 1
#define HAVE_MEMORY_H 1
#define HAVE_STRINGS_H 1
#define HAVE_INTTYPES_H 1
#define HAVE_STDINT_H 1
#define HAVE_UNISTD_H 1
#define __EXTENSIONS__ 1
#define _ALL_SOURCE 1
#define _GNU_SOURCE 1
#define _POSIX_PTHREAD_SEMANTICS 1
#define _TANDEM_SOURCE 1
#define HAVE_DECL_SECCOMP_SYSCALL_RESOLVE_NAME_ARCH 0
#define HAVE_LINUX_UNISTD_H 1
#define HAVE_LINUX_NETLINK_H 1
#define HAVE_LINUX_GENETLINK_H 1
#define HAVE_DECL_PR_CAPBSET_DROP 1
#define HAVE_SYS_SIGNALFD_H 1
#define HAVE_PTY_H 1
#define HAVE_IFADDRS_H 1
#define HAVE_SYS_CAPABILITY_H 1
#define HAVE_SYS_PERSONALITY_H 1
#define HAVE_UTMPX_H 1
#define HAVE_SYS_TIMERFD_H 1
#define HAVE_SETNS 1
#define HAVE_PIVOT_ROOT 1
#define HAVE_SETHOSTNAME 1
#define HAVE_UNSHARE 1
#define HAVE_RAND_R 1
#define HAVE_CONFSTR 1
#define HAVE_FACCESSAT 1
#define HAVE_LIBPTHREAD 1
#define HAVE_PTHREAD_ATFORK 1
#define HAVE_STATVFS 1
#define HAVE_LIBUTIL 1
#define HAVE_OPENPTY 1
#define HAVE_HASMNTOPT 1
#define HAVE_SETMNTENT 1
#define HAVE_ENDMNTENT 1
#define HAVE_UTMPXNAME 1
#define HAVE_GETLINE 1
#define HAVE_GETLINE 1
#define HAVE_TLS 1
#define thread_local __thread

configure: exit 0
